[2020-10-16 11:45:43] production.ERROR: could not find driver (SQL: PRAGMA foreign_keys = ON;) {"exception":"[object] (Illuminate\\Database\\QueryException(code: 0): could not find driver (SQL: PRAGMA foreign_keys = ON;) at /home/nika/Downloads/laravel-crud-demo-master/vendor/laravel/framework/src/Illuminate/Database/Connection.php:664, PDOException(code: 0): could not find driver at /home/nika/Downloads/laravel-crud-demo-master/vendor/laravel/framework/src/Illuminate/Database/Connectors/Connector.php:70)
[stacktrace]
#0 /home/nika/Downloads/laravel-crud-demo-master/vendor/laravel/framework/src/Illuminate/Database/Connection.php(624): Illuminate\\Database\\Connection->runQueryCallback()
#1 /home/nika/Downloads/laravel-crud-demo-master/vendor/laravel/framework/src/Illuminate/Database/Connection.php(459): Illuminate\\Database\\Connection->run()
#2 /home/nika/Downloads/laravel-crud-demo-master/vendor/laravel/framework/src/Illuminate/Database/Schema/Builder.php(240): Illuminate\\Database\\Connection->statement()
#3 /home/nika/Downloads/laravel-crud-demo-master/vendor/laravel/framework/src/Illuminate/Database/SQLiteConnection.php(33): Illuminate\\Database\\Schema\\Builder->enableForeignKeyConstraints()
#4 /home/nika/Downloads/laravel-crud-demo-master/vendor/laravel/framework/src/Illuminate/Database/Connectors/ConnectionFactory.php(278): Illuminate\\Database\\SQLiteConnection->__construct()
#5 /home/nika/Downloads/laravel-crud-demo-master/vendor/laravel/framework/src/Illuminate/Database/Connectors/ConnectionFactory.php(76): Illuminate\\Database\\Connectors\\ConnectionFactory->createConnection()
#6 /home/nika/Downloads/laravel-crud-demo-master/vendor/laravel/framework/src/Illuminate/Database/Connectors/ConnectionFactory.php(50): Illuminate\\Database\\Connectors\\ConnectionFactory->createSingleConnection()
#7 /home/nika/Downloads/laravel-crud-demo-master/vendor/laravel/framework/src/Illuminate/Database/DatabaseManager.php(119): Illuminate\\Database\\Connectors\\ConnectionFactory->make()
#8 /home/nika/Downloads/laravel-crud-demo-master/vendor/laravel/framework/src/Illuminate/Database/DatabaseManager.php(74): Illuminate\\Database\\DatabaseManager->makeConnection()
#9 /home/nika/Downloads/laravel-crud-demo-master/vendor/laravel/framework/src/Illuminate/Database/Migrations/DatabaseMigrationRepository.php(199): Illuminate\\Database\\DatabaseManager->connection()
#10 /home/nika/Downloads/laravel-crud-demo-master/vendor/laravel/framework/src/Illuminate/Database/Migrations/DatabaseMigrationRepository.php(167): Illuminate\\Database\\Migrations\\DatabaseMigrationRepository->getConnection()
#11 /home/nika/Downloads/laravel-crud-demo-master/vendor/laravel/framework/src/Illuminate/Database/Migrations/Migrator.php(556): Illuminate\\Database\\Migrations\\DatabaseMigrationRepository->repositoryExists()
#12 /home/nika/Downloads/laravel-crud-demo-master/vendor/laravel/framework/src/Illuminate/Database/Console/Migrations/MigrateCommand.php(91): Illuminate\\Database\\Migrations\\Migrator->repositoryExists()
#13 /home/nika/Downloads/laravel-crud-demo-master/vendor/laravel/framework/src/Illuminate/Database/Console/Migrations/MigrateCommand.php(63): Illuminate\\Database\\Console\\Migrations\\MigrateCommand->prepareDatabase()
#14 [internal function]: Illuminate\\Database\\Console\\Migrations\\MigrateCommand->handle()
#15 /home/nika/Downloads/laravel-crud-demo-master/vendor/laravel/framework/src/Illuminate/Container/BoundMethod.php(29): call_user_func_array()
#16 /home/nika/Downloads/laravel-crud-demo-master/vendor/laravel/framework/src/Illuminate/Container/BoundMethod.php(87): Illuminate\\Container\\BoundMethod::Illuminate\\Container\\{closure}()
#17 /home/nika/Downloads/laravel-crud-demo-master/vendor/laravel/framework/src/Illuminate/Container/BoundMethod.php(31): Illuminate\\Container\\BoundMethod::callBoundMethod()
#18 /home/nika/Downloads/laravel-crud-demo-master/vendor/laravel/framework/src/Illuminate/Container/Container.php(572): Illuminate\\Container\\BoundMethod::call()
#19 /home/nika/Downloads/laravel-crud-demo-master/vendor/laravel/framework/src/Illuminate/Console/Command.php(183): Illuminate\\Container\\Container->call()
#20 /home/nika/Downloads/laravel-crud-demo-master/vendor/symfony/console/Command/Command.php(255): Illuminate\\Console\\Command->execute()
#21 /home/nika/Downloads/laravel-crud-demo-master/vendor/laravel/framework/src/Illuminate/Console/Command.php(170): Symfony\\Component\\Console\\Command\\Command->run()
#22 /home/nika/Downloads/laravel-crud-demo-master/vendor/symfony/console/Application.php(901): Illuminate\\Console\\Command->run()
#23 /home/nika/Downloads/laravel-crud-demo-master/vendor/symfony/console/Application.php(262): Symfony\\Component\\Console\\Application->doRunCommand()
#24 /home/nika/Downloads/laravel-crud-demo-master/vendor/symfony/console/Application.php(145): Symfony\\Component\\Console\\Application->doRun()
#25 /home/nika/Downloads/laravel-crud-demo-master/vendor/laravel/framework/src/Illuminate/Console/Application.php(89): Symfony\\Component\\Console\\Application->run()
#26 /home/nika/Downloads/laravel-crud-demo-master/vendor/laravel/framework/src/Illuminate/Foundation/Console/Kernel.php(122): Illuminate\\Console\\Application->run()
#27 /home/nika/Downloads/laravel-crud-demo-master/artisan(37): Illuminate\\Foundation\\Console\\Kernel->handle()
#28 {main}
"} 
[2020-10-16 11:46:37] production.ERROR: could not find driver (SQL: PRAGMA foreign_keys = ON;) {"exception":"[object] (Illuminate\\Database\\QueryException(code: 0): could not find driver (SQL: PRAGMA foreign_keys = ON;) at /home/nika/Downloads/laravel-crud-demo-master/vendor/laravel/framework/src/Illuminate/Database/Connection.php:664, PDOException(code: 0): could not find driver at /home/nika/Downloads/laravel-crud-demo-master/vendor/laravel/framework/src/Illuminate/Database/Connectors/Connector.php:70)
[stacktrace]
#0 /home/nika/Downloads/laravel-crud-demo-master/vendor/laravel/framework/src/Illuminate/Database/Connection.php(624): Illuminate\\Database\\Connection->runQueryCallback()
#1 /home/nika/Downloads/laravel-crud-demo-master/vendor/laravel/framework/src/Illuminate/Database/Connection.php(459): Illuminate\\Database\\Connection->run()
#2 /home/nika/Downloads/laravel-crud-demo-master/vendor/laravel/framework/src/Illuminate/Database/Schema/Builder.php(240): Illuminate\\Database\\Connection->statement()
#3 /home/nika/Downloads/laravel-crud-demo-master/vendor/laravel/framework/src/Illuminate/Database/SQLiteConnection.php(33): Illuminate\\Database\\Schema\\Builder->enableForeignKeyConstraints()
#4 /home/nika/Downloads/laravel-crud-demo-master/vendor/laravel/framework/src/Illuminate/Database/Connectors/ConnectionFactory.php(278): Illuminate\\Database\\SQLiteConnection->__construct()
#5 /home/nika/Downloads/laravel-crud-demo-master/vendor/laravel/framework/src/Illuminate/Database/Connectors/ConnectionFactory.php(76): Illuminate\\Database\\Connectors\\ConnectionFactory->createConnection()
#6 /home/nika/Downloads/laravel-crud-demo-master/vendor/laravel/framework/src/Illuminate/Database/Connectors/ConnectionFactory.php(50): Illuminate\\Database\\Connectors\\ConnectionFactory->createSingleConnection()
#7 /home/nika/Downloads/laravel-crud-demo-master/vendor/laravel/framework/src/Illuminate/Database/DatabaseManager.php(119): Illuminate\\Database\\Connectors\\ConnectionFactory->make()
#8 /home/nika/Downloads/laravel-crud-demo-master/vendor/laravel/framework/src/Illuminate/Database/DatabaseManager.php(74): Illuminate\\Database\\DatabaseManager->makeConnection()
#9 /home/nika/Downloads/laravel-crud-demo-master/vendor/laravel/framework/src/Illuminate/Auth/Passwords/PasswordBrokerManager.php(96): Illuminate\\Database\\DatabaseManager->connection()
#10 /home/nika/Downloads/laravel-crud-demo-master/vendor/laravel/framework/src/Illuminate/Auth/Passwords/PasswordBrokerManager.php(74): Illuminate\\Auth\\Passwords\\PasswordBrokerManager->createTokenRepository()
#11 /home/nika/Downloads/laravel-crud-demo-master/vendor/laravel/framework/src/Illuminate/Auth/Passwords/PasswordBrokerManager.php(51): Illuminate\\Auth\\Passwords\\PasswordBrokerManager->resolve()
#12 /home/nika/Downloads/laravel-crud-demo-master/vendor/laravel/framework/src/Illuminate/Support/Facades/Facade.php(237): Illuminate\\Auth\\Passwords\\PasswordBrokerManager->broker()
#13 /home/nika/Downloads/laravel-crud-demo-master/vendor/laravel/framework/src/Illuminate/Foundation/Auth/SendsPasswordResetEmails.php(86): Illuminate\\Support\\Facades\\Facade::__callStatic()
#14 /home/nika/Downloads/laravel-crud-demo-master/vendor/laravel/framework/src/Illuminate/Foundation/Auth/SendsPasswordResetEmails.php(33): App\\Http\\Controllers\\Auth\\ForgotPasswordController->broker()
#15 [internal function]: App\\Http\\Controllers\\Auth\\ForgotPasswordController->sendResetLinkEmail()
#16 /home/nika/Downloads/laravel-crud-demo-master/vendor/laravel/framework/src/Illuminate/Routing/Controller.php(54): call_user_func_array()
#17 /home/nika/Downloads/laravel-crud-demo-master/vendor/laravel/framework/src/Illuminate/Routing/ControllerDispatcher.php(45): Illuminate\\Routing\\Controller->callAction()
#18 /home/nika/Downloads/laravel-crud-demo-master/vendor/laravel/framework/src/Illuminate/Routing/Route.php(219): Illuminate\\Routing\\ControllerDispatcher->dispatch()
#19 /home/nika/Downloads/laravel-crud-demo-master/vendor/laravel/framework/src/Illuminate/Routing/Route.php(176): Illuminate\\Routing\\Route->runController()
#20 /home/nika/Downloads/laravel-crud-demo-master/vendor/laravel/framework/src/Illuminate/Routing/Router.php(682): Illuminate\\Routing\\Route->run()
#21 /home/nika/Downloads/laravel-crud-demo-master/vendor/laravel/framework/src/Illuminate/Routing/Pipeline.php(30): Illuminate\\Routing\\Router->Illuminate\\Routing\\{closure}()
#22 /home/nika/Downloads/laravel-crud-demo-master/app/Http/Middleware/RedirectIfAuthenticated.php(24): Illuminate\\Routing\\Pipeline->Illuminate\\Routing\\{closure}()
#23 /home/nika/Downloads/laravel-crud-demo-master/vendor/laravel/framework/src/Illuminate/Pipeline/Pipeline.php(151): App\\Http\\Middleware\\RedirectIfAuthenticated->handle()
#24 /home/nika/Downloads/laravel-crud-demo-master/vendor/laravel/framework/src/Illuminate/Routing/Pipeline.php(53): Illuminate\\Pipeline\\Pipeline->Illuminate\\Pipeline\\{closure}()
#25 /home/nika/Downloads/laravel-crud-demo-master/vendor/laravel/framework/src/Illuminate/Routing/Middleware/SubstituteBindings.php(41): Illuminate\\Routing\\Pipeline->Illuminate\\Routing\\{closure}()
#26 /home/nika/Downloads/laravel-crud-demo-master/vendor/laravel/framework/src/Illuminate/Pipeline/Pipeline.php(151): Illuminate\\Routing\\Middleware\\SubstituteBindings->handle()
#27 /home/nika/Downloads/laravel-crud-demo-master/vendor/laravel/framework/src/Illuminate/Routing/Pipeline.php(53): Illuminate\\Pipeline\\Pipeline->Illuminate\\Pipeline\\{closure}()
#28 /home/nika/Downloads/laravel-crud-demo-master/vendor/laravel/framework/src/Illuminate/Foundation/Http/Middleware/VerifyCsrfToken.php(75): Illuminate\\Routing\\Pipeline->Illuminate\\Routing\\{closure}()
#29 /home/nika/Downloads/laravel-crud-demo-master/vendor/laravel/framework/src/Illuminate/Pipeline/Pipeline.php(151): Illuminate\\Foundation\\Http\\Middleware\\VerifyCsrfToken->handle()
#30 /home/nika/Downloads/laravel-crud-demo-master/vendor/laravel/framework/src/Illuminate/Routing/Pipeline.php(53): Illuminate\\Pipeline\\Pipeline->Illuminate\\Pipeline\\{closure}()
#31 /home/nika/Downloads/laravel-crud-demo-master/vendor/laravel/framework/src/Illuminate/View/Middleware/ShareErrorsFromSession.php(49): Illuminate\\Routing\\Pipeline->Illuminate\\Routing\\{closure}()
#32 /home/nika/Downloads/laravel-crud-demo-master/vendor/laravel/framework/src/Illuminate/Pipeline/Pipeline.php(151): Illuminate\\View\\Middleware\\ShareErrorsFromSession->handle()
#33 /home/nika/Downloads/laravel-crud-demo-master/vendor/laravel/framework/src/Illuminate/Routing/Pipeline.php(53): Illuminate\\Pipeline\\Pipeline->Illuminate\\Pipeline\\{closure}()
#34 /home/nika/Downloads/laravel-crud-demo-master/vendor/laravel/framework/src/Illuminate/Session/Middleware/StartSession.php(63): Illuminate\\Routing\\Pipeline->Illuminate\\Routing\\{closure}()
#35 /home/nika/Downloads/laravel-crud-demo-master/vendor/laravel/framework/src/Illuminate/Pipeline/Pipeline.php(151): Illuminate\\Session\\Middleware\\StartSession->handle()
#36 /home/nika/Downloads/laravel-crud-demo-master/vendor/laravel/framework/src/Illuminate/Routing/Pipeline.php(53): Illuminate\\Pipeline\\Pipeline->Illuminate\\Pipeline\\{closure}()
#37 /home/nika/Downloads/laravel-crud-demo-master/vendor/laravel/framework/src/Illuminate/Cookie/Middleware/AddQueuedCookiesToResponse.php(37): Illuminate\\Routing\\Pipeline->Illuminate\\Routing\\{closure}()
#38 /home/nika/Downloads/laravel-crud-demo-master/vendor/laravel/framework/src/Illuminate/Pipeline/Pipeline.php(151): Illuminate\\Cookie\\Middleware\\AddQueuedCookiesToResponse->handle()
#39 /home/nika/Downloads/laravel-crud-demo-master/vendor/laravel/framework/src/Illuminate/Routing/Pipeline.php(53): Illuminate\\Pipeline\\Pipeline->Illuminate\\Pipeline\\{closure}()
#40 /home/nika/Downloads/laravel-crud-demo-master/vendor/laravel/framework/src/Illuminate/Cookie/Middleware/EncryptCookies.php(66): Illuminate\\Routing\\Pipeline->Illuminate\\Routing\\{closure}()
#41 /home/nika/Downloads/laravel-crud-demo-master/vendor/laravel/framework/src/Illuminate/Pipeline/Pipeline.php(151): Illuminate\\Cookie\\Middleware\\EncryptCookies->handle()
#42 /home/nika/Downloads/laravel-crud-demo-master/vendor/laravel/framework/src/Illuminate/Routing/Pipeline.php(53): Illuminate\\Pipeline\\Pipeline->Illuminate\\Pipeline\\{closure}()
#43 /home/nika/Downloads/laravel-crud-demo-master/vendor/laravel/framework/src/Illuminate/Pipeline/Pipeline.php(104): Illuminate\\Routing\\Pipeline->Illuminate\\Routing\\{closure}()
#44 /home/nika/Downloads/laravel-crud-demo-master/vendor/laravel/framework/src/Illuminate/Routing/Router.php(684): Illuminate\\Pipeline\\Pipeline->then()
#45 /home/nika/Downloads/laravel-crud-demo-master/vendor/laravel/framework/src/Illuminate/Routing/Router.php(659): Illuminate\\Routing\\Router->runRouteWithinStack()
#46 /home/nika/Downloads/laravel-crud-demo-master/vendor/laravel/framework/src/Illuminate/Routing/Router.php(625): Illuminate\\Routing\\Router->runRoute()
#47 /home/nika/Downloads/laravel-crud-demo-master/vendor/laravel/framework/src/Illuminate/Routing/Router.php(614): Illuminate\\Routing\\Router->dispatchToRoute()
#48 /home/nika/Downloads/laravel-crud-demo-master/vendor/laravel/framework/src/Illuminate/Foundation/Http/Kernel.php(176): Illuminate\\Routing\\Router->dispatch()
#49 /home/nika/Downloads/laravel-crud-demo-master/vendor/laravel/framework/src/Illuminate/Routing/Pipeline.php(30): Illuminate\\Foundation\\Http\\Kernel->Illuminate\\Foundation\\Http\\{closure}()
#50 /home/nika/Downloads/laravel-crud-demo-master/vendor/fideloper/proxy/src/TrustProxies.php(57): Illuminate\\Routing\\Pipeline->Illuminate\\Routing\\{closure}()
#51 /home/nika/Downloads/laravel-crud-demo-master/vendor/laravel/framework/src/Illuminate/Pipeline/Pipeline.php(151): Fideloper\\Proxy\\TrustProxies->handle()
#52 /home/nika/Downloads/laravel-crud-demo-master/vendor/laravel/framework/src/Illuminate/Routing/Pipeline.php(53): Illuminate\\Pipeline\\Pipeline->Illuminate\\Pipeline\\{closure}()
#53 /home/nika/Downloads/laravel-crud-demo-master/vendor/laravel/framework/src/Illuminate/Foundation/Http/Middleware/TransformsRequest.php(31): Illuminate\\Routing\\Pipeline->Illuminate\\Routing\\{closure}()
#54 /home/nika/Downloads/laravel-crud-demo-master/vendor/laravel/framework/src/Illuminate/Pipeline/Pipeline.php(151): Illuminate\\Foundation\\Http\\Middleware\\TransformsRequest->handle()
#55 /home/nika/Downloads/laravel-crud-demo-master/vendor/laravel/framework/src/Illuminate/Routing/Pipeline.php(53): Illuminate\\Pipeline\\Pipeline->Illuminate\\Pipeline\\{closure}()
#56 /home/nika/Downloads/laravel-crud-demo-master/vendor/laravel/framework/src/Illuminate/Foundation/Http/Middleware/TransformsRequest.php(31): Illuminate\\Routing\\Pipeline->Illuminate\\Routing\\{closure}()
#57 /home/nika/Downloads/laravel-crud-demo-master/vendor/laravel/framework/src/Illuminate/Pipeline/Pipeline.php(151): Illuminate\\Foundation\\Http\\Middleware\\TransformsRequest->handle()
#58 /home/nika/Downloads/laravel-crud-demo-master/vendor/laravel/framework/src/Illuminate/Routing/Pipeline.php(53): Illuminate\\Pipeline\\Pipeline->Illuminate\\Pipeline\\{closure}()
#59 /home/nika/Downloads/laravel-crud-demo-master/vendor/laravel/framework/src/Illuminate/Foundation/Http/Middleware/ValidatePostSize.php(27): Illuminate\\Routing\\Pipeline->Illuminate\\Routing\\{closure}()
#60 /home/nika/Downloads/laravel-crud-demo-master/vendor/laravel/framework/src/Illuminate/Pipeline/Pipeline.php(151): Illuminate\\Foundation\\Http\\Middleware\\ValidatePostSize->handle()
#61 /home/nika/Downloads/laravel-crud-demo-master/vendor/laravel/framework/src/Illuminate/Routing/Pipeline.php(53): Illuminate\\Pipeline\\Pipeline->Illuminate\\Pipeline\\{closure}()
#62 /home/nika/Downloads/laravel-crud-demo-master/vendor/laravel/framework/src/Illuminate/Foundation/Http/Middleware/CheckForMaintenanceMode.php(62): Illuminate\\Routing\\Pipeline->Illuminate\\Routing\\{closure}()
#63 /home/nika/Downloads/laravel-crud-demo-master/vendor/laravel/framework/src/Illuminate/Pipeline/Pipeline.php(151): Illuminate\\Foundation\\Http\\Middleware\\CheckForMaintenanceMode->handle()
#64 /home/nika/Downloads/laravel-crud-demo-master/vendor/laravel/framework/src/Illuminate/Routing/Pipeline.php(53): Illuminate\\Pipeline\\Pipeline->Illuminate\\Pipeline\\{closure}()
#65 /home/nika/Downloads/laravel-crud-demo-master/vendor/laravel/framework/src/Illuminate/Pipeline/Pipeline.php(104): Illuminate\\Routing\\Pipeline->Illuminate\\Routing\\{closure}()
#66 /home/nika/Downloads/laravel-crud-demo-master/vendor/laravel/framework/src/Illuminate/Foundation/Http/Kernel.php(151): Illuminate\\Pipeline\\Pipeline->then()
#67 /home/nika/Downloads/laravel-crud-demo-master/vendor/laravel/framework/src/Illuminate/Foundation/Http/Kernel.php(116): Illuminate\\Foundation\\Http\\Kernel->sendRequestThroughRouter()
#68 /home/nika/Downloads/laravel-crud-demo-master/public/index.php(55): Illuminate\\Foundation\\Http\\Kernel->handle()
#69 /home/nika/Downloads/laravel-crud-demo-master/server.php(21): require_once('/home/nika/Down...')
#70 {main}
"} 
[2020-10-16 11:46:57] production.ERROR: could not find driver (SQL: PRAGMA foreign_keys = ON;) {"exception":"[object] (Illuminate\\Database\\QueryException(code: 0): could not find driver (SQL: PRAGMA foreign_keys = ON;) at /home/nika/Downloads/laravel-crud-demo-master/vendor/laravel/framework/src/Illuminate/Database/Connection.php:664, PDOException(code: 0): could not find driver at /home/nika/Downloads/laravel-crud-demo-master/vendor/laravel/framework/src/Illuminate/Database/Connectors/Connector.php:70)
[stacktrace]
#0 /home/nika/Downloads/laravel-crud-demo-master/vendor/laravel/framework/src/Illuminate/Database/Connection.php(624): Illuminate\\Database\\Connection->runQueryCallback()
#1 /home/nika/Downloads/laravel-crud-demo-master/vendor/laravel/framework/src/Illuminate/Database/Connection.php(459): Illuminate\\Database\\Connection->run()
#2 /home/nika/Downloads/laravel-crud-demo-master/vendor/laravel/framework/src/Illuminate/Database/Schema/Builder.php(240): Illuminate\\Database\\Connection->statement()
#3 /home/nika/Downloads/laravel-crud-demo-master/vendor/laravel/framework/src/Illuminate/Database/SQLiteConnection.php(33): Illuminate\\Database\\Schema\\Builder->enableForeignKeyConstraints()
#4 /home/nika/Downloads/laravel-crud-demo-master/vendor/laravel/framework/src/Illuminate/Database/Connectors/ConnectionFactory.php(278): Illuminate\\Database\\SQLiteConnection->__construct()
#5 /home/nika/Downloads/laravel-crud-demo-master/vendor/laravel/framework/src/Illuminate/Database/Connectors/ConnectionFactory.php(76): Illuminate\\Database\\Connectors\\ConnectionFactory->createConnection()
#6 /home/nika/Downloads/laravel-crud-demo-master/vendor/laravel/framework/src/Illuminate/Database/Connectors/ConnectionFactory.php(50): Illuminate\\Database\\Connectors\\ConnectionFactory->createSingleConnection()
#7 /home/nika/Downloads/laravel-crud-demo-master/vendor/laravel/framework/src/Illuminate/Database/DatabaseManager.php(119): Illuminate\\Database\\Connectors\\ConnectionFactory->make()
#8 /home/nika/Downloads/laravel-crud-demo-master/vendor/laravel/framework/src/Illuminate/Database/DatabaseManager.php(74): Illuminate\\Database\\DatabaseManager->makeConnection()
#9 /home/nika/Downloads/laravel-crud-demo-master/vendor/laravel/framework/src/Illuminate/Validation/DatabasePresenceVerifier.php(125): Illuminate\\Database\\DatabaseManager->connection()
#10 /home/nika/Downloads/laravel-crud-demo-master/vendor/laravel/framework/src/Illuminate/Validation/DatabasePresenceVerifier.php(49): Illuminate\\Validation\\DatabasePresenceVerifier->table()
#11 /home/nika/Downloads/laravel-crud-demo-master/vendor/laravel/framework/src/Illuminate/Validation/Concerns/ValidatesAttributes.php(717): Illuminate\\Validation\\DatabasePresenceVerifier->getCount()
#12 /home/nika/Downloads/laravel-crud-demo-master/vendor/laravel/framework/src/Illuminate/Validation/Validator.php(398): Illuminate\\Validation\\Validator->validateUnique()
#13 /home/nika/Downloads/laravel-crud-demo-master/vendor/laravel/framework/src/Illuminate/Validation/Validator.php(277): Illuminate\\Validation\\Validator->validateAttribute()
#14 /home/nika/Downloads/laravel-crud-demo-master/vendor/laravel/framework/src/Illuminate/Validation/Validator.php(302): Illuminate\\Validation\\Validator->passes()
#15 /home/nika/Downloads/laravel-crud-demo-master/vendor/laravel/framework/src/Illuminate/Validation/Validator.php(314): Illuminate\\Validation\\Validator->fails()
#16 /home/nika/Downloads/laravel-crud-demo-master/vendor/laravel/framework/src/Illuminate/Foundation/Auth/RegistersUsers.php(31): Illuminate\\Validation\\Validator->validate()
#17 [internal function]: App\\Http\\Controllers\\Auth\\RegisterController->register()
#18 /home/nika/Downloads/laravel-crud-demo-master/vendor/laravel/framework/src/Illuminate/Routing/Controller.php(54): call_user_func_array()
#19 /home/nika/Downloads/laravel-crud-demo-master/vendor/laravel/framework/src/Illuminate/Routing/ControllerDispatcher.php(45): Illuminate\\Routing\\Controller->callAction()
#20 /home/nika/Downloads/laravel-crud-demo-master/vendor/laravel/framework/src/Illuminate/Routing/Route.php(219): Illuminate\\Routing\\ControllerDispatcher->dispatch()
#21 /home/nika/Downloads/laravel-crud-demo-master/vendor/laravel/framework/src/Illuminate/Routing/Route.php(176): Illuminate\\Routing\\Route->runController()
#22 /home/nika/Downloads/laravel-crud-demo-master/vendor/laravel/framework/src/Illuminate/Routing/Router.php(682): Illuminate\\Routing\\Route->run()
#23 /home/nika/Downloads/laravel-crud-demo-master/vendor/laravel/framework/src/Illuminate/Routing/Pipeline.php(30): Illuminate\\Routing\\Router->Illuminate\\Routing\\{closure}()
#24 /home/nika/Downloads/laravel-crud-demo-master/app/Http/Middleware/RedirectIfAuthenticated.php(24): Illuminate\\Routing\\Pipeline->Illuminate\\Routing\\{closure}()
#25 /home/nika/Downloads/laravel-crud-demo-master/vendor/laravel/framework/src/Illuminate/Pipeline/Pipeline.php(151): App\\Http\\Middleware\\RedirectIfAuthenticated->handle()
#26 /home/nika/Downloads/laravel-crud-demo-master/vendor/laravel/framework/src/Illuminate/Routing/Pipeline.php(53): Illuminate\\Pipeline\\Pipeline->Illuminate\\Pipeline\\{closure}()
#27 /home/nika/Downloads/laravel-crud-demo-master/vendor/laravel/framework/src/Illuminate/Routing/Middleware/SubstituteBindings.php(41): Illuminate\\Routing\\Pipeline->Illuminate\\Routing\\{closure}()
#28 /home/nika/Downloads/laravel-crud-demo-master/vendor/laravel/framework/src/Illuminate/Pipeline/Pipeline.php(151): Illuminate\\Routing\\Middleware\\SubstituteBindings->handle()
#29 /home/nika/Downloads/laravel-crud-demo-master/vendor/laravel/framework/src/Illuminate/Routing/Pipeline.php(53): Illuminate\\Pipeline\\Pipeline->Illuminate\\Pipeline\\{closure}()
#30 /home/nika/Downloads/laravel-crud-demo-master/vendor/laravel/framework/src/Illuminate/Foundation/Http/Middleware/VerifyCsrfToken.php(75): Illuminate\\Routing\\Pipeline->Illuminate\\Routing\\{closure}()
#31 /home/nika/Downloads/laravel-crud-demo-master/vendor/laravel/framework/src/Illuminate/Pipeline/Pipeline.php(151): Illuminate\\Foundation\\Http\\Middleware\\VerifyCsrfToken->handle()
#32 /home/nika/Downloads/laravel-crud-demo-master/vendor/laravel/framework/src/Illuminate/Routing/Pipeline.php(53): Illuminate\\Pipeline\\Pipeline->Illuminate\\Pipeline\\{closure}()
#33 /home/nika/Downloads/laravel-crud-demo-master/vendor/laravel/framework/src/Illuminate/View/Middleware/ShareErrorsFromSession.php(49): Illuminate\\Routing\\Pipeline->Illuminate\\Routing\\{closure}()
#34 /home/nika/Downloads/laravel-crud-demo-master/vendor/laravel/framework/src/Illuminate/Pipeline/Pipeline.php(151): Illuminate\\View\\Middleware\\ShareErrorsFromSession->handle()
#35 /home/nika/Downloads/laravel-crud-demo-master/vendor/laravel/framework/src/Illuminate/Routing/Pipeline.php(53): Illuminate\\Pipeline\\Pipeline->Illuminate\\Pipeline\\{closure}()
#36 /home/nika/Downloads/laravel-crud-demo-master/vendor/laravel/framework/src/Illuminate/Session/Middleware/StartSession.php(63): Illuminate\\Routing\\Pipeline->Illuminate\\Routing\\{closure}()
#37 /home/nika/Downloads/laravel-crud-demo-master/vendor/laravel/framework/src/Illuminate/Pipeline/Pipeline.php(151): Illuminate\\Session\\Middleware\\StartSession->handle()
#38 /home/nika/Downloads/laravel-crud-demo-master/vendor/laravel/framework/src/Illuminate/Routing/Pipeline.php(53): Illuminate\\Pipeline\\Pipeline->Illuminate\\Pipeline\\{closure}()
#39 /home/nika/Downloads/laravel-crud-demo-master/vendor/laravel/framework/src/Illuminate/Cookie/Middleware/AddQueuedCookiesToResponse.php(37): Illuminate\\Routing\\Pipeline->Illuminate\\Routing\\{closure}()
#40 /home/nika/Downloads/laravel-crud-demo-master/vendor/laravel/framework/src/Illuminate/Pipeline/Pipeline.php(151): Illuminate\\Cookie\\Middleware\\AddQueuedCookiesToResponse->handle()
#41 /home/nika/Downloads/laravel-crud-demo-master/vendor/laravel/framework/src/Illuminate/Routing/Pipeline.php(53): Illuminate\\Pipeline\\Pipeline->Illuminate\\Pipeline\\{closure}()
#42 /home/nika/Downloads/laravel-crud-demo-master/vendor/laravel/framework/src/Illuminate/Cookie/Middleware/EncryptCookies.php(66): Illuminate\\Routing\\Pipeline->Illuminate\\Routing\\{closure}()
#43 /home/nika/Downloads/laravel-crud-demo-master/vendor/laravel/framework/src/Illuminate/Pipeline/Pipeline.php(151): Illuminate\\Cookie\\Middleware\\EncryptCookies->handle()
#44 /home/nika/Downloads/laravel-crud-demo-master/vendor/laravel/framework/src/Illuminate/Routing/Pipeline.php(53): Illuminate\\Pipeline\\Pipeline->Illuminate\\Pipeline\\{closure}()
#45 /home/nika/Downloads/laravel-crud-demo-master/vendor/laravel/framework/src/Illuminate/Pipeline/Pipeline.php(104): Illuminate\\Routing\\Pipeline->Illuminate\\Routing\\{closure}()
#46 /home/nika/Downloads/laravel-crud-demo-master/vendor/laravel/framework/src/Illuminate/Routing/Router.php(684): Illuminate\\Pipeline\\Pipeline->then()
#47 /home/nika/Downloads/laravel-crud-demo-master/vendor/laravel/framework/src/Illuminate/Routing/Router.php(659): Illuminate\\Routing\\Router->runRouteWithinStack()
#48 /home/nika/Downloads/laravel-crud-demo-master/vendor/laravel/framework/src/Illuminate/Routing/Router.php(625): Illuminate\\Routing\\Router->runRoute()
#49 /home/nika/Downloads/laravel-crud-demo-master/vendor/laravel/framework/src/Illuminate/Routing/Router.php(614): Illuminate\\Routing\\Router->dispatchToRoute()
#50 /home/nika/Downloads/laravel-crud-demo-master/vendor/laravel/framework/src/Illuminate/Foundation/Http/Kernel.php(176): Illuminate\\Routing\\Router->dispatch()
#51 /home/nika/Downloads/laravel-crud-demo-master/vendor/laravel/framework/src/Illuminate/Routing/Pipeline.php(30): Illuminate\\Foundation\\Http\\Kernel->Illuminate\\Foundation\\Http\\{closure}()
#52 /home/nika/Downloads/laravel-crud-demo-master/vendor/fideloper/proxy/src/TrustProxies.php(57): Illuminate\\Routing\\Pipeline->Illuminate\\Routing\\{closure}()
#53 /home/nika/Downloads/laravel-crud-demo-master/vendor/laravel/framework/src/Illuminate/Pipeline/Pipeline.php(151): Fideloper\\Proxy\\TrustProxies->handle()
#54 /home/nika/Downloads/laravel-crud-demo-master/vendor/laravel/framework/src/Illuminate/Routing/Pipeline.php(53): Illuminate\\Pipeline\\Pipeline->Illuminate\\Pipeline\\{closure}()
#55 /home/nika/Downloads/laravel-crud-demo-master/vendor/laravel/framework/src/Illuminate/Foundation/Http/Middleware/TransformsRequest.php(31): Illuminate\\Routing\\Pipeline->Illuminate\\Routing\\{closure}()
#56 /home/nika/Downloads/laravel-crud-demo-master/vendor/laravel/framework/src/Illuminate/Pipeline/Pipeline.php(151): Illuminate\\Foundation\\Http\\Middleware\\TransformsRequest->handle()
#57 /home/nika/Downloads/laravel-crud-demo-master/vendor/laravel/framework/src/Illuminate/Routing/Pipeline.php(53): Illuminate\\Pipeline\\Pipeline->Illuminate\\Pipeline\\{closure}()
#58 /home/nika/Downloads/laravel-crud-demo-master/vendor/laravel/framework/src/Illuminate/Foundation/Http/Middleware/TransformsRequest.php(31): Illuminate\\Routing\\Pipeline->Illuminate\\Routing\\{closure}()
#59 /home/nika/Downloads/laravel-crud-demo-master/vendor/laravel/framework/src/Illuminate/Pipeline/Pipeline.php(151): Illuminate\\Foundation\\Http\\Middleware\\TransformsRequest->handle()
#60 /home/nika/Downloads/laravel-crud-demo-master/vendor/laravel/framework/src/Illuminate/Routing/Pipeline.php(53): Illuminate\\Pipeline\\Pipeline->Illuminate\\Pipeline\\{closure}()
#61 /home/nika/Downloads/laravel-crud-demo-master/vendor/laravel/framework/src/Illuminate/Foundation/Http/Middleware/ValidatePostSize.php(27): Illuminate\\Routing\\Pipeline->Illuminate\\Routing\\{closure}()
#62 /home/nika/Downloads/laravel-crud-demo-master/vendor/laravel/framework/src/Illuminate/Pipeline/Pipeline.php(151): Illuminate\\Foundation\\Http\\Middleware\\ValidatePostSize->handle()
#63 /home/nika/Downloads/laravel-crud-demo-master/vendor/laravel/framework/src/Illuminate/Routing/Pipeline.php(53): Illuminate\\Pipeline\\Pipeline->Illuminate\\Pipeline\\{closure}()
#64 /home/nika/Downloads/laravel-crud-demo-master/vendor/laravel/framework/src/Illuminate/Foundation/Http/Middleware/CheckForMaintenanceMode.php(62): Illuminate\\Routing\\Pipeline->Illuminate\\Routing\\{closure}()
#65 /home/nika/Downloads/laravel-crud-demo-master/vendor/laravel/framework/src/Illuminate/Pipeline/Pipeline.php(151): Illuminate\\Foundation\\Http\\Middleware\\CheckForMaintenanceMode->handle()
#66 /home/nika/Downloads/laravel-crud-demo-master/vendor/laravel/framework/src/Illuminate/Routing/Pipeline.php(53): Illuminate\\Pipeline\\Pipeline->Illuminate\\Pipeline\\{closure}()
#67 /home/nika/Downloads/laravel-crud-demo-master/vendor/laravel/framework/src/Illuminate/Pipeline/Pipeline.php(104): Illuminate\\Routing\\Pipeline->Illuminate\\Routing\\{closure}()
#68 /home/nika/Downloads/laravel-crud-demo-master/vendor/laravel/framework/src/Illuminate/Foundation/Http/Kernel.php(151): Illuminate\\Pipeline\\Pipeline->then()
#69 /home/nika/Downloads/laravel-crud-demo-master/vendor/laravel/framework/src/Illuminate/Foundation/Http/Kernel.php(116): Illuminate\\Foundation\\Http\\Kernel->sendRequestThroughRouter()
#70 /home/nika/Downloads/laravel-crud-demo-master/public/index.php(55): Illuminate\\Foundation\\Http\\Kernel->handle()
#71 /home/nika/Downloads/laravel-crud-demo-master/server.php(21): require_once('/home/nika/Down...')
#72 {main}
"} 
